[2022-04-27T14:00:28.719702+00:00] main.DEBUG: cache_invalidate:  {"method":"GET","url":"http:/","invalidateInfo":{"tags":["CONFIG"],"mode":"matchingTag"}} []
[2022-04-27T14:00:28.720025+00:00] main.DEBUG: cache_invalidate:  {"method":"GET","url":"http:/","invalidateInfo":{"tags":["LAYOUT_GENERAL_CACHE_TAG"],"mode":"matchingTag"}} []
[2022-04-27T14:00:28.720269+00:00] main.DEBUG: cache_invalidate:  {"method":"GET","url":"http:/","invalidateInfo":{"tags":["BLOCK_HTML"],"mode":"matchingTag"}} []
[2022-04-27T14:00:28.720542+00:00] main.DEBUG: cache_invalidate:  {"method":"GET","url":"http:/","invalidateInfo":{"tags":["COLLECTION_DATA"],"mode":"matchingTag"}} []
[2022-04-27T14:00:28.720774+00:00] main.DEBUG: cache_invalidate:  {"method":"GET","url":"http:/","invalidateInfo":{"tags":["REFLECTION"],"mode":"matchingTag"}} []
[2022-04-27T14:00:28.721005+00:00] main.DEBUG: cache_invalidate:  {"method":"GET","url":"http:/","invalidateInfo":{"tags":["DB_DDL"],"mode":"matchingTag"}} []
[2022-04-27T14:00:28.721247+00:00] main.DEBUG: cache_invalidate:  {"method":"GET","url":"http:/","invalidateInfo":{"tags":["COMPILED_CONFIG"],"mode":"matchingTag"}} []
[2022-04-27T14:00:28.721512+00:00] main.DEBUG: cache_invalidate:  {"method":"GET","url":"http:/","invalidateInfo":{"tags":["EAV"],"mode":"matchingTag"}} []
[2022-04-27T14:00:28.721741+00:00] main.DEBUG: cache_invalidate:  {"method":"GET","url":"http:/","invalidateInfo":{"tags":["CUSTOMER_NOTIFICATION"],"mode":"matchingTag"}} []
[2022-04-27T14:00:28.721965+00:00] main.DEBUG: cache_invalidate:  {"method":"GET","url":"http:/","invalidateInfo":{"tags":["INTEGRATION"],"mode":"matchingTag"}} []
[2022-04-27T14:00:28.722186+00:00] main.DEBUG: cache_invalidate:  {"method":"GET","url":"http:/","invalidateInfo":{"tags":["INTEGRATION_API_CONFIG"],"mode":"matchingTag"}} []
[2022-04-27T14:00:28.754882+00:00] main.DEBUG: cache_invalidate:  {"method":"GET","url":"http:/","invalidateInfo":{"tags":["FPC"],"mode":"matchingTag"}} []
[2022-04-27T14:00:28.755178+00:00] main.DEBUG: cache_invalidate:  {"method":"GET","url":"http:/","invalidateInfo":{"tags":["WEBSERVICE"],"mode":"matchingTag"}} []
[2022-04-27T14:00:28.755450+00:00] main.DEBUG: cache_invalidate:  {"method":"GET","url":"http:/","invalidateInfo":{"tags":["TRANSLATE"],"mode":"matchingTag"}} []
[2022-04-27T14:00:35.666602+00:00] main.DEBUG: cache_invalidate:  {"method":"GET","url":"http:/","invalidateInfo":{"tags":["CONFIG"],"mode":"matchingTag"}} []
[2022-04-27T14:00:35.753903+00:00] main.DEBUG: cache_invalidate:  {"method":"GET","url":"http:/","invalidateInfo":{"tags":["CONFIG"],"mode":"matchingTag"}} []
[2022-04-27T14:00:35.754248+00:00] main.DEBUG: cache_invalidate:  {"method":"GET","url":"http:/","invalidateInfo":{"tags":["LAYOUT_GENERAL_CACHE_TAG"],"mode":"matchingTag"}} []
[2022-04-27T14:00:35.754547+00:00] main.DEBUG: cache_invalidate:  {"method":"GET","url":"http:/","invalidateInfo":{"tags":["BLOCK_HTML"],"mode":"matchingTag"}} []
[2022-04-27T14:00:35.754788+00:00] main.DEBUG: cache_invalidate:  {"method":"GET","url":"http:/","invalidateInfo":{"tags":["COLLECTION_DATA"],"mode":"matchingTag"}} []
[2022-04-27T14:00:35.755024+00:00] main.DEBUG: cache_invalidate:  {"method":"GET","url":"http:/","invalidateInfo":{"tags":["REFLECTION"],"mode":"matchingTag"}} []
[2022-04-27T14:00:35.755252+00:00] main.DEBUG: cache_invalidate:  {"method":"GET","url":"http:/","invalidateInfo":{"tags":["DB_DDL"],"mode":"matchingTag"}} []
[2022-04-27T14:00:35.755516+00:00] main.DEBUG: cache_invalidate:  {"method":"GET","url":"http:/","invalidateInfo":{"tags":["COMPILED_CONFIG"],"mode":"matchingTag"}} []
[2022-04-27T14:00:35.755750+00:00] main.DEBUG: cache_invalidate:  {"method":"GET","url":"http:/","invalidateInfo":{"tags":["EAV"],"mode":"matchingTag"}} []
[2022-04-27T14:00:35.755978+00:00] main.DEBUG: cache_invalidate:  {"method":"GET","url":"http:/","invalidateInfo":{"tags":["CUSTOMER_NOTIFICATION"],"mode":"matchingTag"}} []
[2022-04-27T14:00:35.756267+00:00] main.DEBUG: cache_invalidate:  {"method":"GET","url":"http:/","invalidateInfo":{"tags":["INTEGRATION"],"mode":"matchingTag"}} []
[2022-04-27T14:00:35.756596+00:00] main.DEBUG: cache_invalidate:  {"method":"GET","url":"http:/","invalidateInfo":{"tags":["INTEGRATION_API_CONFIG"],"mode":"matchingTag"}} []
[2022-04-27T14:00:35.757339+00:00] main.DEBUG: cache_invalidate:  {"method":"GET","url":"http:/","invalidateInfo":{"tags":["FPC"],"mode":"matchingTag"}} []
[2022-04-27T14:00:35.757602+00:00] main.DEBUG: cache_invalidate:  {"method":"GET","url":"http:/","invalidateInfo":{"tags":["WEBSERVICE"],"mode":"matchingTag"}} []
[2022-04-27T14:00:35.757861+00:00] main.DEBUG: cache_invalidate:  {"method":"GET","url":"http:/","invalidateInfo":{"tags":["TRANSLATE"],"mode":"matchingTag"}} []
[2022-04-27T14:00:37.548624+00:00] main.DEBUG: cache_invalidate:  {"method":"GET","url":"http:/","invalidateInfo":{"tags":["LAYOUT_GENERAL_CACHE_TAG"],"mode":"matchingTag"}} []
[2022-04-27T14:00:37.549142+00:00] main.DEBUG: cache_invalidate:  {"method":"GET","url":"http:/","invalidateInfo":{"tags":["BLOCK_HTML"],"mode":"matchingTag"}} []
[2022-04-27T14:00:37.549497+00:00] main.DEBUG: cache_invalidate:  {"method":"GET","url":"http:/","invalidateInfo":{"tags":["FPC"],"mode":"matchingTag"}} []
[2022-04-27T14:01:25.764054+00:00] main.DEBUG: cache_invalidate:  {"method":"GET","url":"http:/","invalidateInfo":{"tags":["FPC"],"mode":"matchingTag"}} []
[2022-04-27T14:01:47.017825+00:00] main.INFO: Broken reference: the 'catalog.compare.sidebar' element cannot be added as child to 'sidebar.additional', because the latter doesn't exist [] []
[2022-04-27T14:01:47.018112+00:00] main.INFO: Broken reference: the 'sale.reorder.sidebar' element cannot be added as child to 'sidebar.additional', because the latter doesn't exist [] []
[2022-04-27T14:01:47.018285+00:00] main.INFO: Broken reference: the 'wishlist_sidebar' element cannot be added as child to 'sidebar.additional', because the latter doesn't exist [] []
[2022-04-27T14:01:47.018622+00:00] main.INFO: Broken reference: the 'checkout.cart.item.renderers.gift-card.actions.gift_options' element cannot be added as child to 'checkout.cart.item.renderers.gift-card.actions', because the latter doesn't exist [] []
[2022-04-27T14:01:47.019041+00:00] main.INFO: Broken reference: the 'checkout.cart.item.renderers.gift-card.actions.gift_options' tries to reorder itself towards '', but their parents are different: 'checkout.cart.item.renderers.gift-card.actions' and '' respectively. [] []
[2022-04-27T14:02:11.808170+00:00] main.INFO: Broken reference: the 'catalog.compare.sidebar' element cannot be added as child to 'sidebar.additional', because the latter doesn't exist [] []
[2022-04-27T14:02:11.808465+00:00] main.INFO: Broken reference: the 'sale.reorder.sidebar' element cannot be added as child to 'sidebar.additional', because the latter doesn't exist [] []
[2022-04-27T14:02:11.808660+00:00] main.INFO: Broken reference: the 'wishlist_sidebar' element cannot be added as child to 'sidebar.additional', because the latter doesn't exist [] []
[2022-04-27T14:02:11.808974+00:00] main.INFO: Broken reference: the 'checkout.cart.item.renderers.gift-card.actions.gift_options' element cannot be added as child to 'checkout.cart.item.renderers.gift-card.actions', because the latter doesn't exist [] []
[2022-04-27T14:02:11.809422+00:00] main.INFO: Broken reference: the 'checkout.cart.item.renderers.gift-card.actions.gift_options' tries to reorder itself towards '', but their parents are different: 'checkout.cart.item.renderers.gift-card.actions' and '' respectively. [] []
[2022-04-27T14:02:21.514614+00:00] main.DEBUG: I am in file Tribugs\EventsSms\Observer\UpdateObserver::execute [] []
[2022-04-27T14:02:21.514732+00:00] main.DEBUG: TEST {"quote":{"Magento\\Quote\\Model\\Quote\\Interceptor":[]}} []
[2022-04-27T14:02:21.514801+00:00] main.DEBUG: Dear Customer, Your shopping cart with Quantity '1' has been '' updated . Thankyou!! [] []
[2022-04-27T14:02:22.355059+00:00] main.INFO: Broken reference: the 'catalog.compare.sidebar' element cannot be added as child to 'sidebar.additional', because the latter doesn't exist [] []
[2022-04-27T14:02:22.355316+00:00] main.INFO: Broken reference: the 'sale.reorder.sidebar' element cannot be added as child to 'sidebar.additional', because the latter doesn't exist [] []
[2022-04-27T14:02:22.355518+00:00] main.INFO: Broken reference: the 'wishlist_sidebar' element cannot be added as child to 'sidebar.additional', because the latter doesn't exist [] []
[2022-04-27T14:02:22.355814+00:00] main.INFO: Broken reference: the 'checkout.cart.item.renderers.gift-card.actions.gift_options' element cannot be added as child to 'checkout.cart.item.renderers.gift-card.actions', because the latter doesn't exist [] []
[2022-04-27T14:02:22.356203+00:00] main.INFO: Broken reference: the 'checkout.cart.item.renderers.gift-card.actions.gift_options' tries to reorder itself towards '', but their parents are different: 'checkout.cart.item.renderers.gift-card.actions' and '' respectively. [] []
